  stdafx.cpp
  Array.cpp
  BinaryHeap.cpp
  Heap.cpp
Heap.cpp(22): warning C4244: 'argument': conversion from 'time_t' to 'unsigned int', possible loss of data
Heap.cpp(28): warning C4244: '=': conversion from 'double' to 'int', possible loss of data
Heap.cpp(54): warning C4244: 'initializing': conversion from 'double' to 'int', possible loss of data
Heap.cpp(60): warning C4244: '=': conversion from 'double' to 'int', possible loss of data
Heap.cpp(124): warning C4244: '=': conversion from 'double' to 'int', possible loss of data
Heap.cpp(146): warning C4309: '=': truncation of constant value
Heap.cpp(147): warning C4309: '=': truncation of constant value
Heap.cpp(148): warning C4309: '=': truncation of constant value
  LinkedList.cpp
  Node.cpp
  RedBlackNode.cpp
  RedBlackTree.cpp
RedBlackTree.cpp(38): warning C4309: '=': truncation of constant value
RedBlackTree.cpp(39): warning C4309: '=': truncation of constant value
RedBlackTree.cpp(40): warning C4309: '=': truncation of constant value
RedBlackTree.cpp(99): warning C4244: 'argument': conversion from 'time_t' to 'unsigned int', possible loss of data
  StrukturyDanych.cpp
StrukturyDanych.cpp(111): warning C4129: 'w': unrecognized character escape sequence
  Generating code
  335 of 335 functions (100.0%) were compiled, the rest were copied from previous compilation.
    99 functions were new in current compilation
    0 functions had inline decision re-evaluated but remain unchanged
  Finished generating code
  STRUKTURY DANYCH.vcxproj -> C:\Users\Pawel Szynal\Documents\PWR\PWR-W4-INF\SDIZO\Zadanie 1\Release\STRUKTURY DANYCH.exe
