c:\users\paweł szynal\documents\visual studio 2015\projects\struktury danych\struktury danych\debug\struktury danych.pch
c:\users\paweł szynal\documents\visual studio 2015\projects\struktury danych\struktury danych\debug\vc140.pdb
c:\users\paweł szynal\documents\visual studio 2015\projects\struktury danych\struktury danych\debug\vc140.idb
c:\users\paweł szynal\documents\visual studio 2015\projects\struktury danych\struktury danych\debug\stdafx.obj
c:\users\paweł szynal\documents\visual studio 2015\projects\struktury danych\struktury danych\debug\binaryheap.obj
c:\users\paweł szynal\documents\visual studio 2015\projects\struktury danych\struktury danych\debug\linkedlist.obj
c:\users\paweł szynal\documents\visual studio 2015\projects\struktury danych\struktury danych\debug\node.obj
c:\users\paweł szynal\documents\visual studio 2015\projects\struktury danych\struktury danych\debug\redblacknode.obj
c:\users\paweł szynal\documents\visual studio 2015\projects\struktury danych\struktury danych\debug\redblacktree.obj
c:\users\paweł szynal\documents\visual studio 2015\projects\struktury danych\struktury danych\debug\strukturydanych.obj
c:\users\paweł szynal\documents\visual studio 2015\projects\struktury danych\struktury danych\debug\array.obj
c:\users\paweł szynal\documents\visual studio 2015\projects\struktury danych\debug\struktury danych.ilk
c:\users\paweł szynal\documents\visual studio 2015\projects\struktury danych\debug\struktury danych.exe
c:\users\paweł szynal\documents\visual studio 2015\projects\struktury danych\debug\struktury danych.pdb
c:\users\paweł szynal\documents\visual studio 2015\projects\struktury danych\struktury danych\debug\struktury danych.tlog\cl.command.1.tlog
c:\users\paweł szynal\documents\visual studio 2015\projects\struktury danych\struktury danych\debug\struktury danych.tlog\cl.read.1.tlog
c:\users\paweł szynal\documents\visual studio 2015\projects\struktury danych\struktury danych\debug\struktury danych.tlog\cl.write.1.tlog
c:\users\paweł szynal\documents\visual studio 2015\projects\struktury danych\struktury danych\debug\struktury danych.tlog\link.command.1.tlog
c:\users\paweł szynal\documents\visual studio 2015\projects\struktury danych\struktury danych\debug\struktury danych.tlog\link.read.1.tlog
c:\users\paweł szynal\documents\visual studio 2015\projects\struktury danych\struktury danych\debug\struktury danych.tlog\link.write.1.tlog
