c:\users\szyna\desktop\documents\pwr-w4-inf\programowanie w języku java\lab05\gcd\gcd\x64\debug\gcd.pch
c:\users\szyna\desktop\documents\pwr-w4-inf\programowanie w języku java\lab05\gcd\gcd\x64\debug\vc141.pdb
c:\users\szyna\desktop\documents\pwr-w4-inf\programowanie w języku java\lab05\gcd\gcd\x64\debug\vc141.idb
c:\users\szyna\desktop\documents\pwr-w4-inf\programowanie w języku java\lab05\gcd\gcd\x64\debug\pch.obj
c:\users\szyna\desktop\documents\pwr-w4-inf\programowanie w języku java\lab05\gcd\gcd\x64\debug\hellojni.obj
c:\users\szyna\desktop\documents\pwr-w4-inf\programowanie w języku java\lab05\gcd\gcd\x64\debug\gcd.obj
c:\users\szyna\desktop\documents\pwr-w4-inf\programowanie w języku java\lab05\gcd\x64\debug\gcd.lib
c:\users\szyna\desktop\documents\pwr-w4-inf\programowanie w języku java\lab05\gcd\x64\debug\gcd.exp
c:\users\szyna\desktop\documents\pwr-w4-inf\programowanie w języku java\lab05\gcd\x64\debug\gcd.dll
c:\users\szyna\desktop\documents\pwr-w4-inf\programowanie w języku java\lab05\gcd\x64\debug\gcd.ilk
c:\users\szyna\desktop\documents\pwr-w4-inf\programowanie w języku java\lab05\gcd\x64\debug\gcd.pdb
c:\users\szyna\desktop\documents\pwr-w4-inf\programowanie w języku java\lab05\gcd\gcd\x64\debug\gcd.tlog\cl.command.1.tlog
c:\users\szyna\desktop\documents\pwr-w4-inf\programowanie w języku java\lab05\gcd\gcd\x64\debug\gcd.tlog\cl.read.1.tlog
c:\users\szyna\desktop\documents\pwr-w4-inf\programowanie w języku java\lab05\gcd\gcd\x64\debug\gcd.tlog\cl.write.1.tlog
c:\users\szyna\desktop\documents\pwr-w4-inf\programowanie w języku java\lab05\gcd\gcd\x64\debug\gcd.tlog\gcd.write.1u.tlog
c:\users\szyna\desktop\documents\pwr-w4-inf\programowanie w języku java\lab05\gcd\gcd\x64\debug\gcd.tlog\link.3796.delete.1.tlog
c:\users\szyna\desktop\documents\pwr-w4-inf\programowanie w języku java\lab05\gcd\gcd\x64\debug\gcd.tlog\link.4228.delete.1.tlog
c:\users\szyna\desktop\documents\pwr-w4-inf\programowanie w języku java\lab05\gcd\gcd\x64\debug\gcd.tlog\link.command.1.tlog
c:\users\szyna\desktop\documents\pwr-w4-inf\programowanie w języku java\lab05\gcd\gcd\x64\debug\gcd.tlog\link.read.1.tlog
c:\users\szyna\desktop\documents\pwr-w4-inf\programowanie w języku java\lab05\gcd\gcd\x64\debug\gcd.tlog\link.write.1.tlog
